<?xml version="1.0" encoding="UTF-8"?>
<!-- Generated by org.testng.reporters.JUnitXMLReporter -->
<testsuite ignored="0" hostname="ramesh" failures="0" tests="4" name="Alert" time="26.266" errors="0" timestamp="04 May 2022 19:03:10 GMT">
  <testcase classname="com.demo.alert.AlertDemo" name="acceptButtonOk" time="0.219"/>
  <testcase classname="com.demo.alert.AlertDemo" name="acceptAfter5Sec" time="5.962"/>
  <testcase classname="com.demo.alert.AlertDemo" name="dismissButton" time="5.279"/>
  <testcase classname="com.demo.alert.AlertDemo" name="promptButton" time="5.384"/>
</testsuite> <!-- Alert -->
