<?xml version="1.0" encoding="UTF-8"?>
<!-- Generated by org.testng.reporters.JUnitXMLReporter -->
<testsuite ignored="0" hostname="ramesh" failures="0" tests="5" name="Frameforms" time="7.615" errors="0" timestamp="04 May 2022 19:02:44 GMT">
  <testcase classname="com.demo.forms.FrameForm" name="clickOnFrame" time="1.449"/>
  <testcase classname="com.demo.forms.FrameForm" name="enterUserName" time="0.352"/>
  <testcase classname="com.demo.forms.FrameForm" name="clickOnLink" time="0.374"/>
  <testcase classname="com.demo.forms.FrameForm" name="mainHandel" time="0.021"/>
  <testcase classname="com.demo.forms.FrameForm" name="allChildhandels" time="0.011"/>
</testsuite> <!-- Frameforms -->
