<?xml version="1.0" encoding="UTF-8"?>
<!-- Generated by org.testng.reporters.JUnitXMLReporter -->
<testsuite ignored="1" hostname="ramesh" failures="0" tests="10" name="signupforms" time="10.302" errors="0" timestamp="04 May 2022 19:02:29 GMT">
  <testcase classname="com.demo.forms.Signupmainform" name="clickOnSignUpForm" time="1.342"/>
  <testcase classname="com.demo.forms.Signupmainform" name="enterUserName" time="0.298"/>
  <testcase classname="com.demo.forms.Signupmainform" name="enterEmailID" time="0.283"/>
  <testcase classname="com.demo.forms.Signupmainform" name="enterTelePhoneNumber" time="0.225"/>
  <testcase classname="com.demo.forms.Signupmainform" name="enterFaxNum" time="0.06"/>
  <testcase classname="com.demo.forms.Signupmainform" name="uploadFile" time="0.349"/>
  <testcase classname="com.demo.forms.Signupmainform" name="selectGender" time="0.311"/>
  <testcase classname="com.demo.forms.Signupmainform" name="selectYearsOfExp" time="0.389"/>
  <testcase classname="com.demo.forms.Signupmainform" name="selectSkills" time="0.357"/>
  <testcase classname="com.demo.forms.Signupmainform" name="selectAutomationTool" time="0.327"/>
  <testcase classname="com.demo.forms.Signupmainform" name="validateText" time="0.0">
    <ignored/>
  </testcase> <!-- validateText -->
</testsuite> <!-- signupforms -->
