<?xml version="1.0" encoding="UTF-8"?>
<!-- Generated by org.testng.reporters.JUnitXMLReporter -->
<testsuite ignored="1" hostname="ramesh" failures="0" tests="4" name="webforms" time="7.332" errors="0" timestamp="04 May 2022 19:02:36 GMT">
  <testcase classname="com.demo.forms.WebTableMain" name="selectWebTableLink" time="1.625"/>
  <testcase classname="com.demo.forms.WebTableMain" name="getColumnSizeFromTable" time="0.07"/>
  <testcase classname="com.demo.forms.WebTableMain" name="getRowSizeFromTable" time="0.058"/>
  <testcase classname="com.demo.forms.WebTableMain" name="tabledata" time="0.423"/>
  <testcase classname="com.demo.forms.WebTableMain" name="checkBoxfromTable" time="0.0">
    <ignored/>
  </testcase> <!-- checkBoxfromTable -->
</testsuite> <!-- webforms -->
