<?xml version="1.0" encoding="UTF-8"?>
<!-- Generated by org.testng.reporters.JUnitXMLReporter -->
<testsuite ignored="0" hostname="ramesh" failures="0" tests="4" name="Alert" time="27.423" errors="0" timestamp="2022-05-04T16:47:11 IST">
  <testcase classname="com.demo.alert.AlertDemo" name="acceptButtonOk" time="0.197"/>
  <testcase classname="com.demo.alert.AlertDemo" name="acceptAfter5Sec" time="5.466"/>
  <testcase classname="com.demo.alert.AlertDemo" name="dismissButton" time="5.202"/>
  <testcase classname="com.demo.alert.AlertDemo" name="promptButton" time="5.384"/>
</testsuite> <!-- Alert -->
