<?xml version="1.0" encoding="UTF-8"?>
<!-- Generated by org.testng.reporters.JUnitXMLReporter -->
<testsuite ignored="0" hostname="ramesh" failures="0" tests="5" name="Frameforms" time="7.027" errors="0" timestamp="2022-05-04T16:46:43 IST">
  <testcase classname="com.demo.forms.FrameForm" name="clickOnFrame" time="1.189"/>
  <testcase classname="com.demo.forms.FrameForm" name="enterUserName" time="0.332"/>
  <testcase classname="com.demo.forms.FrameForm" name="clickOnLink" time="0.277"/>
  <testcase classname="com.demo.forms.FrameForm" name="mainHandel" time="0.014"/>
  <testcase classname="com.demo.forms.FrameForm" name="allChildhandels" time="0.028"/>
</testsuite> <!-- Frameforms -->
