<?xml version="1.0" encoding="UTF-8"?>
<!-- Generated by org.testng.reporters.JUnitXMLReporter -->
<testsuite ignored="1" hostname="ramesh" failures="0" tests="10" name="signupforms" time="11.446" errors="0" timestamp="2022-05-04T16:46:29 IST">
  <testcase classname="com.demo.forms.Signupmainform" name="clickOnSignUpForm" time="1.31"/>
  <testcase classname="com.demo.forms.Signupmainform" name="enterUserName" time="0.307"/>
  <testcase classname="com.demo.forms.Signupmainform" name="enterEmailID" time="0.294"/>
  <testcase classname="com.demo.forms.Signupmainform" name="enterTelePhoneNumber" time="0.269"/>
  <testcase classname="com.demo.forms.Signupmainform" name="enterFaxNum" time="0.074"/>
  <testcase classname="com.demo.forms.Signupmainform" name="uploadFile" time="0.366"/>
  <testcase classname="com.demo.forms.Signupmainform" name="selectGender" time="0.33"/>
  <testcase classname="com.demo.forms.Signupmainform" name="selectYearsOfExp" time="0.397"/>
  <testcase classname="com.demo.forms.Signupmainform" name="selectSkills" time="0.359"/>
  <testcase classname="com.demo.forms.Signupmainform" name="selectAutomationTool" time="0.32"/>
  <testcase classname="com.demo.forms.Signupmainform" name="validateText" time="0.0">
    <ignored/>
  </testcase> <!-- validateText -->
</testsuite> <!-- signupforms -->
