<?xml version="1.0" encoding="UTF-8"?>
<!-- Generated by org.testng.reporters.JUnitXMLReporter -->
<testsuite ignored="1" hostname="ramesh" failures="0" tests="4" name="webforms" time="7.269" errors="0" timestamp="2022-05-04T16:46:36 IST">
  <testcase classname="com.demo.forms.WebTableMain" name="selectWebTableLink" time="1.548"/>
  <testcase classname="com.demo.forms.WebTableMain" name="getColumnSizeFromTable" time="0.071"/>
  <testcase classname="com.demo.forms.WebTableMain" name="getRowSizeFromTable" time="0.057"/>
  <testcase classname="com.demo.forms.WebTableMain" name="tabledata" time="0.452"/>
  <testcase classname="com.demo.forms.WebTableMain" name="checkBoxfromTable" time="0.0">
    <ignored/>
  </testcase> <!-- checkBoxfromTable -->
</testsuite> <!-- webforms -->
