<?xml version="1.0" encoding="UTF-8"?>
<!-- Generated by org.testng.reporters.JUnitXMLReporter -->
<testsuite ignored="2" hostname="ramesh" failures="0" tests="19" name="Test" time="23.745" errors="0" timestamp="2022-04-23T00:20:38 IST">
  <testcase classname="com.demo.forms.Signupmainform" name="clickOnSignUpForm" time="1.235"/>
  <testcase classname="com.demo.forms.Signupmainform" name="enterUserName" time="0.312"/>
  <testcase classname="com.demo.forms.Signupmainform" name="enterEmailID" time="0.263"/>
  <testcase classname="com.demo.forms.Signupmainform" name="enterTelePhoneNumber" time="0.246"/>
  <testcase classname="com.demo.forms.Signupmainform" name="enterFaxNum" time="0.065"/>
  <testcase classname="com.demo.forms.Signupmainform" name="uploadFile" time="0.346"/>
  <testcase classname="com.demo.forms.Signupmainform" name="selectGender" time="0.336"/>
  <testcase classname="com.demo.forms.Signupmainform" name="selectYearsOfExp" time="0.371"/>
  <testcase classname="com.demo.forms.Signupmainform" name="selectSkills" time="0.345"/>
  <testcase classname="com.demo.forms.Signupmainform" name="selectAutomationTool" time="0.325"/>
  <testcase classname="com.demo.forms.WebTableMain" name="selectWebTableLink" time="1.405"/>
  <testcase classname="com.demo.forms.WebTableMain" name="getColumnSizeFromTable" time="0.063"/>
  <testcase classname="com.demo.forms.WebTableMain" name="getRowSizeFromTable" time="0.055"/>
  <testcase classname="com.demo.forms.WebTableMain" name="tabledata" time="0.412"/>
  <testcase classname="com.demo.forms.FrameForm" name="clickOnFrame" time="1.198"/>
  <testcase classname="com.demo.forms.FrameForm" name="enterUserName" time="0.312"/>
  <testcase classname="com.demo.forms.FrameForm" name="clickOnLink" time="0.261"/>
  <testcase classname="com.demo.forms.FrameForm" name="mainHandel" time="0.008"/>
  <testcase classname="com.demo.forms.FrameForm" name="allChildhandels" time="0.017"/>
  <testcase classname="com.demo.forms.Signupmainform" name="validateText" time="0.0">
    <ignored/>
  </testcase> <!-- validateText -->
  <testcase classname="com.demo.forms.WebTableMain" name="checkBoxfromTable" time="0.0">
    <ignored/>
  </testcase> <!-- checkBoxfromTable -->
</testsuite> <!-- Test -->
