<?xml version="1.0" encoding="UTF-8"?>
<testsuite xmlns:xsi="http://www.w3.org/2001/XMLSchema-instance" xsi:schemaLocation="https://maven.apache.org/surefire/maven-surefire-plugin/xsd/surefire-test-report.xsd" name="TestSuite" time="89.005" tests="25" errors="0" skipped="0" failures="0">
  <properties>
[...]
</properties>
  <testcase name="clickOnSignUpForm" classname="com.demo.forms.Signupmainform" time="1.346"/>
  <testcase name="enterUserName" classname="com.demo.forms.Signupmainform" time="0.29"/>
  <testcase name="enterEmailID" classname="com.demo.forms.Signupmainform" time="0.284"/>
  <testcase name="enterTelePhoneNumber" classname="com.demo.forms.Signupmainform" time="0.224"/>
  <testcase name="enterFaxNum" classname="com.demo.forms.Signupmainform" time="0.06"/>
  <testcase name="uploadFile" classname="com.demo.forms.Signupmainform" time="0.351"/>
  <testcase name="selectGender" classname="com.demo.forms.Signupmainform" time="0.312"/>
  <testcase name="selectYearsOfExp" classname="com.demo.forms.Signupmainform" time="0.389"/>
  <testcase name="selectSkills" classname="com.demo.forms.Signupmainform" time="0.358"/>
  <testcase name="selectAutomationTool" classname="com.demo.forms.Signupmainform" time="0.327"/>
  <testcase name="selectWebTableLink" classname="com.demo.forms.WebTableMain" time="1.625"/>
  <testcase name="getColumnSizeFromTable" classname="com.demo.forms.WebTableMain" time="0.069"/>
  <testcase name="getRowSizeFromTable" classname="com.demo.forms.WebTableMain" time="0.058"/>
  <testcase name="tabledata" classname="com.demo.forms.WebTableMain" time="0.423"/>
  <testcase name="clickOnFrame" classname="com.demo.forms.FrameForm" time="1.429"/>
  <testcase name="enterUserName" classname="com.demo.forms.FrameForm" time="0.352"/>
  <testcase name="clickOnLink" classname="com.demo.forms.FrameForm" time="0.388"/>
  <testcase name="mainHandel" classname="com.demo.forms.FrameForm" time="0.012"/>
  <testcase name="allChildhandels" classname="com.demo.forms.FrameForm" time="0.009"/>
  <testcase name="acceptButtonOk" classname="com.demo.alert.AlertDemo" time="0.225"/>
  <testcase name="acceptAfter5Sec" classname="com.demo.alert.AlertDemo" time="5.965"/>
  <testcase name="dismissButton" classname="com.demo.alert.AlertDemo" time="5.277"/>
  <testcase name="promptButton" classname="com.demo.alert.AlertDemo" time="5.384"/>
  <testcase name="enterText" classname="com.demo.forms.NestedFrame" time="0.903"/>
  <testcase name="switchToFrame1" classname="com.demo.forms.NestedFrame" time="3.874"/>
</testsuite>