<?xml version="1.0" encoding="UTF-8"?>
<testng-results ignored="2" total="27" passed="25" failed="0" skipped="0">
  <reporter-output>
  </reporter-output>
  <suite started-at="2022-05-04T19:02:18Z" name="FRTUI" finished-at="2022-05-04T19:03:45Z" duration-ms="86392">
    <groups>
    </groups>
    <test started-at="2022-05-04T19:02:18Z" name="signupforms" finished-at="2022-05-04T19:02:29Z" duration-ms="10302">
      <class name="com.demo.forms.Signupmainform">
        <test-method is-config="true" signature="setup()[pri:0, instance:com.demo.forms.Signupmainform@102cec62]" started-at="2022-05-05T00:32:18Z" name="setup" finished-at="2022-05-05T00:32:24Z" duration-ms="5450" status="PASS">
          <reporter-output>
          </reporter-output>
        </test-method> <!-- setup -->
        <test-method signature="clickOnSignUpForm()[pri:10, instance:com.demo.forms.Signupmainform@102cec62]" started-at="2022-05-05T00:32:24Z" name="clickOnSignUpForm" finished-at="2022-05-05T00:32:25Z" duration-ms="1342" status="PASS">
          <reporter-output>
          </reporter-output>
        </test-method> <!-- clickOnSignUpForm -->
        <test-method signature="enterUserName()[pri:20, instance:com.demo.forms.Signupmainform@102cec62]" started-at="2022-05-05T00:32:25Z" name="enterUserName" finished-at="2022-05-05T00:32:25Z" duration-ms="298" status="PASS">
          <reporter-output>
          </reporter-output>
        </test-method> <!-- enterUserName -->
        <test-method signature="enterEmailID()[pri:30, instance:com.demo.forms.Signupmainform@102cec62]" started-at="2022-05-05T00:32:25Z" name="enterEmailID" finished-at="2022-05-05T00:32:26Z" duration-ms="283" status="PASS">
          <reporter-output>
          </reporter-output>
        </test-method> <!-- enterEmailID -->
        <test-method signature="enterTelePhoneNumber()[pri:40, instance:com.demo.forms.Signupmainform@102cec62]" started-at="2022-05-05T00:32:26Z" name="enterTelePhoneNumber" finished-at="2022-05-05T00:32:26Z" duration-ms="225" status="PASS">
          <reporter-output>
          </reporter-output>
        </test-method> <!-- enterTelePhoneNumber -->
        <test-method signature="enterFaxNum()[pri:50, instance:com.demo.forms.Signupmainform@102cec62]" started-at="2022-05-05T00:32:26Z" name="enterFaxNum" finished-at="2022-05-05T00:32:26Z" duration-ms="60" status="PASS">
          <reporter-output>
          </reporter-output>
        </test-method> <!-- enterFaxNum -->
        <test-method signature="uploadFile()[pri:60, instance:com.demo.forms.Signupmainform@102cec62]" started-at="2022-05-05T00:32:26Z" name="uploadFile" finished-at="2022-05-05T00:32:26Z" duration-ms="349" status="PASS">
          <reporter-output>
          </reporter-output>
        </test-method> <!-- uploadFile -->
        <test-method signature="selectGender()[pri:70, instance:com.demo.forms.Signupmainform@102cec62]" started-at="2022-05-05T00:32:26Z" name="selectGender" finished-at="2022-05-05T00:32:27Z" duration-ms="311" status="PASS">
          <reporter-output>
          </reporter-output>
        </test-method> <!-- selectGender -->
        <test-method signature="selectYearsOfExp()[pri:80, instance:com.demo.forms.Signupmainform@102cec62]" started-at="2022-05-05T00:32:27Z" name="selectYearsOfExp" finished-at="2022-05-05T00:32:27Z" duration-ms="389" status="PASS">
          <reporter-output>
          </reporter-output>
        </test-method> <!-- selectYearsOfExp -->
        <test-method signature="selectSkills()[pri:90, instance:com.demo.forms.Signupmainform@102cec62]" started-at="2022-05-05T00:32:27Z" name="selectSkills" finished-at="2022-05-05T00:32:27Z" duration-ms="357" status="PASS">
          <reporter-output>
          </reporter-output>
        </test-method> <!-- selectSkills -->
        <test-method signature="selectAutomationTool()[pri:100, instance:com.demo.forms.Signupmainform@102cec62]" started-at="2022-05-05T00:32:27Z" name="selectAutomationTool" finished-at="2022-05-05T00:32:28Z" duration-ms="327" status="PASS">
          <reporter-output>
          </reporter-output>
        </test-method> <!-- selectAutomationTool -->
        <test-method is-config="true" signature="cleanUp()[pri:0, instance:com.demo.forms.Signupmainform@102cec62]" started-at="2022-05-05T00:32:28Z" name="cleanUp" finished-at="2022-05-05T00:32:29Z" duration-ms="819" status="PASS">
          <reporter-output>
          </reporter-output>
        </test-method> <!-- cleanUp -->
      </class> <!-- com.demo.forms.Signupmainform -->
    </test> <!-- signupforms -->
    <test started-at="2022-05-04T19:02:29Z" name="webforms" finished-at="2022-05-04T19:02:36Z" duration-ms="7332">
      <class name="com.demo.forms.WebTableMain">
        <test-method is-config="true" signature="setUp()[pri:0, instance:com.demo.forms.WebTableMain@5f20155b]" started-at="2022-05-05T00:32:29Z" name="setUp" finished-at="2022-05-05T00:32:33Z" duration-ms="3972" status="PASS">
          <reporter-output>
          </reporter-output>
        </test-method> <!-- setUp -->
        <test-method signature="selectWebTableLink()[pri:10, instance:com.demo.forms.WebTableMain@5f20155b]" started-at="2022-05-05T00:32:33Z" name="selectWebTableLink" finished-at="2022-05-05T00:32:34Z" duration-ms="1625" status="PASS">
          <reporter-output>
          </reporter-output>
        </test-method> <!-- selectWebTableLink -->
        <test-method signature="getColumnSizeFromTable()[pri:30, instance:com.demo.forms.WebTableMain@5f20155b]" started-at="2022-05-05T00:32:34Z" name="getColumnSizeFromTable" finished-at="2022-05-05T00:32:34Z" duration-ms="70" status="PASS">
          <reporter-output>
          </reporter-output>
        </test-method> <!-- getColumnSizeFromTable -->
        <test-method signature="getRowSizeFromTable()[pri:40, instance:com.demo.forms.WebTableMain@5f20155b]" started-at="2022-05-05T00:32:34Z" name="getRowSizeFromTable" finished-at="2022-05-05T00:32:34Z" duration-ms="58" status="PASS">
          <reporter-output>
          </reporter-output>
        </test-method> <!-- getRowSizeFromTable -->
        <test-method signature="tabledata()[pri:50, instance:com.demo.forms.WebTableMain@5f20155b]" started-at="2022-05-05T00:32:34Z" name="tabledata" finished-at="2022-05-05T00:32:35Z" duration-ms="423" status="PASS">
          <reporter-output>
          </reporter-output>
        </test-method> <!-- tabledata -->
        <test-method is-config="true" signature="cleanUp()[pri:0, instance:com.demo.forms.WebTableMain@5f20155b]" started-at="2022-05-05T00:32:35Z" name="cleanUp" finished-at="2022-05-05T00:32:36Z" duration-ms="1179" status="PASS">
          <reporter-output>
          </reporter-output>
        </test-method> <!-- cleanUp -->
      </class> <!-- com.demo.forms.WebTableMain -->
    </test> <!-- webforms -->
    <test started-at="2022-05-04T19:02:36Z" name="Frameforms" finished-at="2022-05-04T19:02:44Z" duration-ms="7615">
      <class name="com.demo.forms.FrameForm">
        <test-method is-config="true" signature="setUp()[pri:0, instance:com.demo.forms.FrameForm@6f1c29b7]" started-at="2022-05-05T00:32:36Z" name="setUp" finished-at="2022-05-05T00:32:40Z" duration-ms="4246" status="PASS">
          <reporter-output>
          </reporter-output>
        </test-method> <!-- setUp -->
        <test-method signature="clickOnFrame()[pri:10, instance:com.demo.forms.FrameForm@6f1c29b7]" started-at="2022-05-05T00:32:40Z" name="clickOnFrame" finished-at="2022-05-05T00:32:42Z" duration-ms="1449" status="PASS">
          <reporter-output>
          </reporter-output>
        </test-method> <!-- clickOnFrame -->
        <test-method signature="enterUserName()[pri:20, instance:com.demo.forms.FrameForm@6f1c29b7]" started-at="2022-05-05T00:32:42Z" name="enterUserName" finished-at="2022-05-05T00:32:42Z" duration-ms="352" status="PASS">
          <reporter-output>
          </reporter-output>
        </test-method> <!-- enterUserName -->
        <test-method signature="clickOnLink()[pri:30, instance:com.demo.forms.FrameForm@6f1c29b7]" started-at="2022-05-05T00:32:42Z" name="clickOnLink" finished-at="2022-05-05T00:32:43Z" duration-ms="374" status="PASS">
          <reporter-output>
          </reporter-output>
        </test-method> <!-- clickOnLink -->
        <test-method signature="mainHandel()[pri:40, instance:com.demo.forms.FrameForm@6f1c29b7]" started-at="2022-05-05T00:32:43Z" name="mainHandel" finished-at="2022-05-05T00:32:43Z" duration-ms="21" status="PASS">
          <reporter-output>
          </reporter-output>
        </test-method> <!-- mainHandel -->
        <test-method signature="allChildhandels()[pri:50, instance:com.demo.forms.FrameForm@6f1c29b7]" started-at="2022-05-05T00:32:43Z" name="allChildhandels" finished-at="2022-05-05T00:32:43Z" duration-ms="11" status="PASS">
          <reporter-output>
          </reporter-output>
        </test-method> <!-- allChildhandels -->
        <test-method is-config="true" signature="cleanUp()[pri:0, instance:com.demo.forms.FrameForm@6f1c29b7]" started-at="2022-05-05T00:32:43Z" name="cleanUp" finished-at="2022-05-05T00:32:44Z" duration-ms="1156" status="PASS">
          <reporter-output>
          </reporter-output>
        </test-method> <!-- cleanUp -->
      </class> <!-- com.demo.forms.FrameForm -->
    </test> <!-- Frameforms -->
    <test started-at="2022-05-04T19:02:44Z" name="Alert" finished-at="2022-05-04T19:03:10Z" duration-ms="26266">
      <class name="com.demo.alert.AlertDemo">
        <test-method is-config="true" signature="setUp()[pri:0, instance:com.demo.alert.AlertDemo@64e7619d]" started-at="2022-05-05T00:32:44Z" name="setUp" finished-at="2022-05-05T00:32:52Z" duration-ms="8497" status="PASS">
          <reporter-output>
          </reporter-output>
        </test-method> <!-- setUp -->
        <test-method signature="acceptButtonOk()[pri:10, instance:com.demo.alert.AlertDemo@64e7619d]" started-at="2022-05-05T00:32:52Z" name="acceptButtonOk" finished-at="2022-05-05T00:32:52Z" duration-ms="219" status="PASS">
          <reporter-output>
          </reporter-output>
        </test-method> <!-- acceptButtonOk -->
        <test-method signature="acceptAfter5Sec()[pri:20, instance:com.demo.alert.AlertDemo@64e7619d]" started-at="2022-05-05T00:32:52Z" name="acceptAfter5Sec" finished-at="2022-05-05T00:32:58Z" duration-ms="5962" status="PASS">
          <reporter-output>
          </reporter-output>
        </test-method> <!-- acceptAfter5Sec -->
        <test-method signature="dismissButton()[pri:30, instance:com.demo.alert.AlertDemo@64e7619d]" started-at="2022-05-05T00:32:58Z" name="dismissButton" finished-at="2022-05-05T00:33:04Z" duration-ms="5279" status="PASS">
          <reporter-output>
          </reporter-output>
        </test-method> <!-- dismissButton -->
        <test-method signature="promptButton()[pri:40, instance:com.demo.alert.AlertDemo@64e7619d]" started-at="2022-05-05T00:33:04Z" name="promptButton" finished-at="2022-05-05T00:33:09Z" duration-ms="5384" status="PASS">
          <reporter-output>
          </reporter-output>
        </test-method> <!-- promptButton -->
        <test-method is-config="true" signature="cleanUp()[pri:0, instance:com.demo.alert.AlertDemo@64e7619d]" started-at="2022-05-05T00:33:09Z" name="cleanUp" finished-at="2022-05-05T00:33:10Z" duration-ms="919" status="PASS">
          <reporter-output>
          </reporter-output>
        </test-method> <!-- cleanUp -->
      </class> <!-- com.demo.alert.AlertDemo -->
    </test> <!-- Alert -->
    <test started-at="2022-05-04T19:03:10Z" name="NestedFrames" finished-at="2022-05-04T19:03:45Z" duration-ms="34680">
      <class name="com.demo.forms.NestedFrame">
        <test-method is-config="true" signature="setUp()[pri:0, instance:com.demo.forms.NestedFrame@2e32ccc5]" started-at="2022-05-05T00:33:10Z" name="setUp" finished-at="2022-05-05T00:33:39Z" duration-ms="29048" status="PASS">
          <reporter-output>
          </reporter-output>
        </test-method> <!-- setUp -->
        <test-method signature="enterText()[pri:10, instance:com.demo.forms.NestedFrame@2e32ccc5]" started-at="2022-05-05T00:33:39Z" name="enterText" finished-at="2022-05-05T00:33:40Z" duration-ms="909" status="PASS">
          <reporter-output>
          </reporter-output>
        </test-method> <!-- enterText -->
        <test-method signature="switchToFrame1()[pri:20, instance:com.demo.forms.NestedFrame@2e32ccc5]" started-at="2022-05-05T00:33:40Z" name="switchToFrame1" finished-at="2022-05-05T00:33:44Z" duration-ms="3873" status="PASS">
          <reporter-output>
          </reporter-output>
        </test-method> <!-- switchToFrame1 -->
        <test-method is-config="true" signature="cleanUp()[pri:0, instance:com.demo.forms.NestedFrame@2e32ccc5]" started-at="2022-05-05T00:33:44Z" name="cleanUp" finished-at="2022-05-05T00:33:45Z" duration-ms="848" status="PASS">
          <reporter-output>
          </reporter-output>
        </test-method> <!-- cleanUp -->
      </class> <!-- com.demo.forms.NestedFrame -->
    </test> <!-- NestedFrames -->
  </suite> <!-- FRTUI -->
</testng-results>
